0 info it worked if it ends with ok
1 verbose cli [ 'C:\\Development\\NodeJS\\node.exe',
1 verbose cli   'C:\\Users\\pudymody\\AppData\\Roaming\\npm\\node_modules\\npm\\bin\\npm-cli.js',
1 verbose cli   'version',
1 verbose cli   'patch' ]
2 info using npm@3.5.3
3 info using node@v4.0.0
4 info git [ 'status', '--porcelain' ]
5 verbose stack Error: Git working directory not clean.
5 verbose stack M package.json
5 verbose stack     at C:\Users\pudymody\AppData\Roaming\npm\node_modules\npm\lib\version.js:172:21
5 verbose stack     at ChildProcess.exithandler (child_process.js:194:7)
5 verbose stack     at emitTwo (events.js:87:13)
5 verbose stack     at ChildProcess.emit (events.js:172:7)
5 verbose stack     at maybeClose (internal/child_process.js:817:16)
5 verbose stack     at Process.ChildProcess._handle.onexit (internal/child_process.js:211:5)
6 verbose cwd E:\Pendrive\Localhost\node-diff-parser
7 error Windows_NT 6.1.7601
8 error argv "C:\\Development\\NodeJS\\node.exe" "C:\\Users\\pudymody\\AppData\\Roaming\\npm\\node_modules\\npm\\bin\\npm-cli.js" "version" "patch"
9 error node v4.0.0
10 error npm  v3.5.3
11 error Git working directory not clean.
11 error M package.json
12 error If you need help, you may report this error at:
12 error     <https://github.com/npm/npm/issues>
13 verbose exit [ 1, true ]
